<?xml version="1.0" encoding="UTF-8"?>
<!-- Generated by org.testng.reporters.JUnitReportReporter -->
<testsuite hostname="DESKTOP-DDTAJ8U" failures="0" tests="8" name="MyTestCases" time="1.481" errors="0" timestamp="2024-10-26T00:00:14 EET" skipped="0">
  <testcase classname="MyTestCases" name="CheckTheEnglishLanguageIsDefault" time="0.062"/>
  <system-out/>
  <testcase classname="MyTestCases" name="CheckTheDefaultCurrncyIsSAR" time="0.035"/>
  <system-out/>
  <testcase classname="MyTestCases" name="CheckContactNumber" time="0.025"/>
  <system-out/>
  <testcase classname="MyTestCases" name="CheckQitafLogoIsThereInTheFoter" time="0.030"/>
  <system-out/>
  <testcase classname="MyTestCases" name="CheckHotelTabIsNotSelected" time="0.024"/>
  <system-out/>
  <testcase classname="MyTestCases" name="CheckDepatureDate" time="0.050"/>
  <system-out/>
  <testcase classname="MyTestCases" name="CheckreturnDate" time="0.023"/>
  <system-out/>
  <testcase classname="MyTestCases" name="RandomlyChangeTheLanguage" time="1.232"/>
  <system-out/>
</testsuite> <!-- MyTestCases -->
