<?xml version="1.0" encoding="UTF-8"?>
<!-- Generated by org.testng.reporters.JUnitReportReporter -->
<testsuite hostname="DESKTOP-DDTAJ8U" failures="0" tests="4" name="MyTestCases" time="0.172" errors="0" timestamp="2024-10-25T21:19:04 EET" skipped="0">
  <testcase classname="MyTestCases" name="CheckTheEnglishLanguageIsDefault" time="0.071"/>
  <system-out/>
  <testcase classname="MyTestCases" name="CheckTheDefaultCurrncyIsSAR" time="0.039"/>
  <system-out/>
  <testcase classname="MyTestCases" name="CheckContactNumber" time="0.024"/>
  <system-out/>
  <testcase classname="MyTestCases" name="CheckQitafLogoIsThereInTheFoter" time="0.038"/>
  <system-out/>
</testsuite> <!-- MyTestCases -->
